Performing C SOURCE FILE Test CMAKE_HAVE_LIBC_PTHREAD failed with the following output:
Change Dir: /home/letianfu/catkin_ws/src/cr5_planner/cmake-build-debug/CMakeFiles/CMakeTmp

Run Build Command(s):/home/letianfu/Apps/Clion/clion-2022.3.2/bin/ninja/linux/x64/ninja cmTC_52c44 && [1/2] Building C object CMakeFiles/cmTC_52c44.dir/src.c.o
[2/2] Linking C executable cmTC_52c44
FAILED: cmTC_52c44 
: && /usr/bin/cc  -rdynamic CMakeFiles/cmTC_52c44.dir/src.c.o -o cmTC_52c44   && :
/usr/bin/ld: CMakeFiles/cmTC_52c44.dir/src.c.o: in function `main':
src.c:(.text+0x46): undefined reference to `pthread_create'
/usr/bin/ld: src.c:(.text+0x52): undefined reference to `pthread_detach'
/usr/bin/ld: src.c:(.text+0x5e): undefined reference to `pthread_cancel'
/usr/bin/ld: src.c:(.text+0x6f): undefined reference to `pthread_join'
collect2: error: ld returned 1 exit status
ninja: build stopped: subcommand failed.


Source file was:
#include <pthread.h>

static void* test_func(void* data)
{
  return data;
}

int main(void)
{
  pthread_t thread;
  pthread_create(&thread, NULL, test_func, NULL);
  pthread_detach(thread);
  pthread_cancel(thread);
  pthread_join(thread, NULL);
  pthread_atfork(NULL, NULL, NULL);
  pthread_exit(NULL);

  return 0;
}

Determining if the function pthread_create exists in the pthreads failed with the following output:
Change Dir: /home/letianfu/catkin_ws/src/cr5_planner/cmake-build-debug/CMakeFiles/CMakeTmp

Run Build Command(s):/home/letianfu/Apps/Clion/clion-2022.3.2/bin/ninja/linux/x64/ninja cmTC_89e29 && [1/2] Building C object CMakeFiles/cmTC_89e29.dir/CheckFunctionExists.c.o
[2/2] Linking C executable cmTC_89e29
FAILED: cmTC_89e29 
: && /usr/bin/cc -DCHECK_FUNCTION_EXISTS=pthread_create -rdynamic CMakeFiles/cmTC_89e29.dir/CheckFunctionExists.c.o -o cmTC_89e29  -lpthreads && :
/usr/bin/ld: cannot find -lpthreads
collect2: error: ld returned 1 exit status
ninja: build stopped: subcommand failed.



